<?xml version="1.0" encoding="UTF-8"?>
<robot generator="Robot 3.1.1 (Python 3.6.4 on linux)" generated="20190516 18:09:16.778" rpa="false">
<suite id="s1" name="Search Item" source="/home/local/GERU/marcio/Documents/cursos/example-robot-web/TestUI/features/search_item.robot">
<test id="s1-t1" name="Scenario: Search for existing items in the database">
<kw name="Abrir navegador" library="search_item" type="setup">
<kw name="Open Browser" library="SeleniumLibrary">
<doc>Opens a new browser instance to the given ``url``.</doc>
<arguments>
<arg>about:blank</arg>
<arg>${BROWSER}</arg>
</arguments>
<msg timestamp="20190516 18:09:16.995" level="INFO">Opening browser 'chrome' to base url 'about:blank'.</msg>
<status status="PASS" starttime="20190516 18:09:16.995" endtime="20190516 18:09:18.467"></status>
</kw>
<status status="PASS" starttime="20190516 18:09:16.995" endtime="20190516 18:09:18.468"></status>
</kw>
<kw name="Given that it is on the homepage of Mercado Livre" library="search_item">
<kw name="Go To" library="SeleniumLibrary">
<doc>Navigates the active browser instance to the provided ``url``.</doc>
<arguments>
<arg>${URL}</arg>
</arguments>
<msg timestamp="20190516 18:09:18.469" level="INFO">Opening url 'https://mercadolivre.com.br'</msg>
<status status="PASS" starttime="20190516 18:09:18.469" endtime="20190516 18:09:21.273"></status>
</kw>
<status status="PASS" starttime="20190516 18:09:18.468" endtime="20190516 18:09:21.273"></status>
</kw>
<kw name="When I search for &quot;Golf&quot;" library="search_item">
<kw name="Wait Until Element Is Visible" library="SeleniumLibrary">
<doc>Waits until element ``locator`` is visible.</doc>
<arguments>
<arg>name=as_word</arg>
</arguments>
<status status="PASS" starttime="20190516 18:09:21.274" endtime="20190516 18:09:21.318"></status>
</kw>
<kw name="Input Text" library="SeleniumLibrary">
<doc>Types the given ``text`` into text field identified by ``locator``.</doc>
<arguments>
<arg>name=as_word</arg>
<arg>${ITEM}</arg>
</arguments>
<msg timestamp="20190516 18:09:21.319" level="INFO">Typing text 'Golf' into text field 'name=as_word'.</msg>
<kw name="Capture Page Screenshot" library="SeleniumLibrary">
<doc>Takes screenshot of the current page and embeds it into log file.</doc>
<msg timestamp="20190516 18:09:21.691" level="INFO" html="yes">&lt;/td&gt;&lt;/tr&gt;&lt;tr&gt;&lt;td colspan="3"&gt;&lt;a href="selenium-screenshot-12.png"&gt;&lt;img src="selenium-screenshot-12.png" width="800px"&gt;&lt;/a&gt;</msg>
<status status="PASS" starttime="20190516 18:09:21.343" endtime="20190516 18:09:21.691"></status>
</kw>
<msg timestamp="20190516 18:09:21.695" level="FAIL">WebDriverException: Message: unknown error: call function result missing 'value'
  (Session info: chrome=74.0.3729.131)
  (Driver info: chromedriver=2.26.436382 (70eb799287ce4c2208441fc057053a5b07ceabac),platform=Linux 4.15.0-48-generic x86_64)
</msg>
<status status="FAIL" starttime="20190516 18:09:21.318" endtime="20190516 18:09:21.695"></status>
</kw>
<status status="FAIL" starttime="20190516 18:09:21.274" endtime="20190516 18:09:21.695"></status>
</kw>
<status status="FAIL" starttime="20190516 18:09:16.994" endtime="20190516 18:09:21.695" critical="yes">WebDriverException: Message: unknown error: call function result missing 'value'
  (Session info: chrome=74.0.3729.131)
  (Driver info: chromedriver=2.26.436382 (70eb799287ce4c2208441fc057053a5b07ceabac),platform=Linux 4.15.0-48-generic x86_64)
</status>
</test>
<status status="FAIL" starttime="20190516 18:09:16.780" endtime="20190516 18:09:21.696"></status>
</suite>
<statistics>
<total>
<stat pass="0" fail="1">Critical Tests</stat>
<stat pass="0" fail="1">All Tests</stat>
</total>
<tag>
</tag>
<suite>
<stat pass="0" fail="1" id="s1" name="Search Item">Search Item</stat>
</suite>
</statistics>
<errors>
</errors>
</robot>
